<?xml version="1.0" encoding="UTF-8"?>
<!-- Generated by org.testng.reporters.JUnitReportReporter -->
<testsuite hostname="AmitAgarwal" name="metacube.testng.test.spreadsheets.ExcelSheetTests" tests="1" failures="0" timestamp="8 Aug 2016 17:08:11 GMT" time="0.130" errors="0">
  <testcase name="ReadExcelCell" time="0.130" classname="metacube.testng.test.spreadsheets.ExcelSheetTests"/>
</testsuite> <!-- metacube.testng.test.spreadsheets.ExcelSheetTests -->
