<?xml version="1.0" encoding="UTF-8"?>
<!-- Generated by org.testng.reporters.JUnitReportReporter -->
<testsuite hostname="AmitAgarwal" name="metacube.testng.webtest.TestOverRideBeforeMethod" tests="1" failures="0" timestamp="16 Jun 2016 05:04:30 GMT" time="30.244" errors="0">
  <testcase name="GivenApplicationURLWhenSpecifiedInTestClassThenShouldOverRIderURL" time="30.244" classname="metacube.testng.webtest.TestOverRideBeforeMethod"/>
</testsuite> <!-- metacube.testng.webtest.TestOverRideBeforeMethod -->
