<?xml version="1.0" encoding="UTF-8"?>
<!-- Generated by org.testng.reporters.JUnitReportReporter -->
<testsuite hostname="AmitAgarwal" name="metacube.testng.spreadsheets.GoogleSheetTest" tests="1" failures="0" timestamp="14 Jun 2016 13:54:35 GMT" time="1.190" errors="0">
  <testcase name="ReadGoogleSheet" time="1.190" classname="metacube.testng.spreadsheets.GoogleSheetTest"/>
</testsuite> <!-- metacube.testng.spreadsheets.GoogleSheetTest -->
