<?xml version="1.0" encoding="UTF-8"?>
<!-- Generated by org.testng.reporters.JUnitReportReporter -->
<testsuite hostname="AmitAgarwal" name="metacube.testng.spreadsheets.ExcelSheetTests" tests="1" failures="0" timestamp="8 Aug 2016 08:49:17 GMT" time="0.950" errors="0">
  <testcase name="ReadExcelCell" time="0.950" classname="metacube.testng.spreadsheets.ExcelSheetTests"/>
</testsuite> <!-- metacube.testng.spreadsheets.ExcelSheetTests -->
