<?xml version="1.0" encoding="UTF-8"?>
<!-- Generated by org.testng.reporters.JUnitReportReporter -->
<testsuite hostname="AmitAgarwal" name="metacube.testng.webtest.myfirstwebdrivertest" tests="1" failures="0" timestamp="15 Jun 2016 09:28:43 GMT" time="8.583" errors="0">
  <testcase name="VerifyTitleOfApplication" time="8.583" classname="metacube.testng.webtest.myfirstwebdrivertest"/>
</testsuite> <!-- metacube.testng.webtest.myfirstwebdrivertest -->
